<?xml version="1.0" encoding="UTF-8"?>
<testng-results skipped="0" failed="0" ignored="0" total="1" passed="1">
  <reporter-output>
  </reporter-output>
  <suite name="test.NewTest" duration-ms="218" started-at="2019-02-22T02:58:41Z" finished-at="2019-02-22T02:58:41Z">
    <groups>
    </groups>
    <test name="Command line test" duration-ms="218" started-at="2019-02-22T02:58:41Z" finished-at="2019-02-22T02:58:41Z">
      <class name="test.NewTest">
        <test-method status="PASS" signature="sample()[pri:0, instance:test.NewTest@2f7c7260]" name="sample" duration-ms="79" started-at="2019-02-22T02:58:41Z" finished-at="2019-02-22T02:58:41Z">
          <reporter-output>
          </reporter-output>
        </test-method> <!-- sample -->
      </class> <!-- test.NewTest -->
    </test> <!-- Command line test -->
  </suite> <!-- test.NewTest -->
</testng-results>
